<?xml version="1.0" encoding="UTF-8"?>
<coverage generated="1785654535473" clover="3.2.0">
  <project timestamp="1785654535473" name="All files">
    <metrics statements="3358" coveredstatements="1890" conditionals="2668" coveredconditionals="1071" methods="1111" coveredmethods="484" elements="7137" coveredelements="3445" complexity="0" loc="3358" ncloc="3358" packages="8" files="73" classes="73"/>
    <package name="src">
      <metrics statements="161" coveredstatements="82" conditionals="109" coveredconditionals="23" methods="134" coveredmethods="12"/>
      <file name="App.tsx" path="/Users/calvinchu/indie-fm/src/App.tsx">
        <metrics statements="161" coveredstatements="82" conditionals="109" coveredconditionals="23" methods="134" coveredmethods="12"/>
        <line num="21" count="1" type="stmt"/>
        <line num="22" count="1" type="stmt"/>
        <line num="23" count="1" type="stmt"/>
        <line num="24" count="1" type="stmt"/>
        <line num="25" count="1" type="stmt"/>
        <line num="26" count="1" type="stmt"/>
        <line num="27" count="1" type="stmt"/>
        <line num="28" count="1" type="stmt"/>
        <line num="29" count="1" type="stmt"/>
        <line num="30" count="1" type="stmt"/>
        <line num="31" count="1" type="stmt"/>
        <line num="32" count="1" type="stmt"/>
        <line num="33" count="1" type="stmt"/>
        <line num="34" count="1" type="stmt"/>
        <line num="35" count="1" type="stmt"/>
        <line num="36" count="1" type="stmt"/>
        <line num="37" count="1" type="stmt"/>
        <line num="38" count="1" type="stmt"/>
        <line num="39" count="1" type="stmt"/>
        <line num="40" count="1" type="stmt"/>
        <line num="41" count="1" type="stmt"/>
        <line num="42" count="1" type="stmt"/>
        <line num="43" count="1" type="stmt"/>
        <line num="44" count="1" type="stmt"/>
        <line num="45" count="1" type="stmt"/>
        <line num="46" count="1" type="stmt"/>
        <line num="47" count="1" type="stmt"/>
        <line num="48" count="1" type="stmt"/>
        <line num="49" count="1" type="stmt"/>
        <line num="50" count="1" type="stmt"/>
        <line num="51" count="1" type="stmt"/>
        <line num="52" count="1" type="stmt"/>
        <line num="53" count="1" type="stmt"/>
        <line num="54" count="1" type="stmt"/>
        <line num="55" count="1" type="stmt"/>
        <line num="56" count="1" type="stmt"/>
        <line num="57" count="1" type="stmt"/>
        <line num="58" count="1" type="stmt"/>
        <line num="59" count="1" type="stmt"/>
        <line num="60" count="1" type="stmt"/>
        <line num="61" count="1" type="stmt"/>
        <line num="62" count="1" type="stmt"/>
        <line num="63" count="1" type="stmt"/>
        <line num="64" count="1" type="stmt"/>
        <line num="65" count="1" type="stmt"/>
        <line num="66" count="1" type="stmt"/>
        <line num="67" count="1" type="stmt"/>
        <line num="68" count="1" type="stmt"/>
        <line num="69" count="1" type="stmt"/>
        <line num="70" count="1" type="stmt"/>
        <line num="71" count="1" type="stmt"/>
        <line num="72" count="1" type="stmt"/>
        <line num="73" count="1" type="stmt"/>
        <line num="74" count="1" type="stmt"/>
        <line num="75" count="1" type="stmt"/>
        <line num="83" count="1" type="stmt"/>
        <line num="117" count="4" type="stmt"/>
        <line num="121" count="4" type="stmt"/>
        <line num="122" count="4" type="stmt"/>
        <line num="123" count="4" type="stmt"/>
        <line num="124" count="4" type="stmt"/>
        <line num="125" count="4" type="stmt"/>
        <line num="127" count="4" type="stmt"/>
        <line num="128" count="4" type="cond" truecount="1" falsecount="1"/>
        <line num="129" count="0" type="stmt"/>
        <line num="130" count="0" type="cond" truecount="0" falsecount="2"/>
        <line num="135" count="4" type="stmt"/>
        <line num="136" count="4" type="stmt"/>
        <line num="137" count="0" type="cond" truecount="0" falsecount="4"/>
        <line num="138" count="0" type="cond" truecount="0" falsecount="5"/>
        <line num="139" count="0" type="stmt"/>
        <line num="140" count="0" type="stmt"/>
        <line num="141" count="0" type="stmt"/>
        <line num="142" count="0" type="stmt"/>
        <line num="143" count="0" type="stmt"/>
        <line num="146" count="4" type="stmt"/>
        <line num="147" count="4" type="stmt"/>
        <line num="150" count="4" type="cond" truecount="1" falsecount="1"/>
        <line num="152" count="4" type="stmt"/>
        <line num="154" count="0" type="stmt"/>
        <line num="155" count="0" type="stmt"/>
        <line num="156" count="0" type="cond" truecount="0" falsecount="2"/>
        <line num="157" count="0" type="stmt"/>
        <line num="160" count="0" type="stmt"/>
        <line num="161" count="0" type="stmt"/>
        <line num="162" count="0" type="cond" truecount="0" falsecount="2"/>
        <line num="163" count="0" type="stmt"/>
        <line num="165" count="0" type="stmt"/>
        <line num="168" count="4" type="cond" truecount="1" falsecount="1"/>
        <line num="171" count="4" type="cond" truecount="1" falsecount="1"/>
        <line num="174" count="4" type="cond" truecount="1" falsecount="1"/>
        <line num="187" count="4" type="stmt"/>
        <line num="188" count="0" type="stmt"/>
        <line num="189" count="0" type="stmt"/>
        <line num="190" count="0" type="cond" truecount="0" falsecount="2"/>
        <line num="193" count="4" type="stmt"/>
        <line num="194" count="4" type="cond" truecount="1" falsecount="53"/>
        <line num="196" count="4" type="stmt"/>
        <line num="229" count="0" type="stmt"/>
        <line num="230" count="0" type="stmt"/>
        <line num="231" count="0" type="stmt"/>
        <line num="232" count="0" type="stmt"/>
        <line num="233" count="0" type="stmt"/>
        <line num="234" count="0" type="stmt"/>
        <line num="235" count="0" type="stmt"/>
        <line num="236" count="0" type="stmt"/>
        <line num="237" count="0" type="stmt"/>
        <line num="238" count="0" type="stmt"/>
        <line num="239" count="0" type="stmt"/>
        <line num="240" count="0" type="stmt"/>
        <line num="241" count="0" type="stmt"/>
        <line num="242" count="0" type="stmt"/>
        <line num="243" count="0" type="stmt"/>
        <line num="244" count="0" type="stmt"/>
        <line num="245" count="0" type="stmt"/>
        <line num="246" count="0" type="stmt"/>
        <line num="247" count="0" type="stmt"/>
        <line num="248" count="0" type="stmt"/>
        <line num="249" count="0" type="stmt"/>
        <line num="250" count="0" type="stmt"/>
        <line num="251" count="0" type="stmt"/>
        <line num="252" count="0" type="stmt"/>
        <line num="253" count="0" type="stmt"/>
        <line num="254" count="0" type="stmt"/>
        <line num="255" count="0" type="stmt"/>
        <line num="256" count="0" type="stmt"/>
        <line num="257" count="0" type="stmt"/>
        <line num="258" count="0" type="stmt"/>
        <line num="259" count="0" type="stmt"/>
        <line num="260" count="0" type="stmt"/>
        <line num="261" count="0" type="stmt"/>
        <line num="262" count="0" type="stmt"/>
        <line num="263" count="0" type="stmt"/>
        <line num="264" count="0" type="stmt"/>
        <line num="265" count="0" type="stmt"/>
        <line num="266" count="0" type="stmt"/>
        <line num="267" count="0" type="stmt"/>
        <line num="268" count="0" type="stmt"/>
        <line num="269" count="0" type="stmt"/>
        <line num="270" count="0" type="stmt"/>
        <line num="271" count="0" type="stmt"/>
        <line num="272" count="0" type="stmt"/>
        <line num="273" count="0" type="stmt"/>
        <line num="274" count="0" type="stmt"/>
        <line num="275" count="0" type="stmt"/>
        <line num="276" count="0" type="stmt"/>
        <line num="277" count="0" type="stmt"/>
        <line num="278" count="0" type="stmt"/>
        <line num="279" count="0" type="stmt"/>
        <line num="280" count="0" type="stmt"/>
        <line num="281" count="0" type="stmt"/>
        <line num="285" count="4" type="stmt"/>
        <line num="293" count="40" type="stmt"/>
        <line num="294" count="40" type="stmt"/>
        <line num="299" count="0" type="stmt"/>
        <line num="315" count="0" type="stmt"/>
        <line num="319" count="16" type="stmt"/>
        <line num="326" count="16" type="stmt"/>
        <line num="331" count="0" type="stmt"/>
        <line num="344" count="0" type="stmt"/>
        <line num="367" count="0" type="cond" truecount="1" falsecount="1"/>
      </file>
    </package>
    <package name="src.audio">
      <metrics statements="50" coveredstatements="17" conditionals="5" coveredconditionals="3" methods="18" coveredmethods="3"/>
      <file name="sound.ts" path="/Users/calvinchu/indie-fm/src/audio/sound.ts">
        <metrics statements="50" coveredstatements="17" conditionals="5" coveredconditionals="3" methods="18" coveredmethods="3"/>
        <line num="1" count="3" type="stmt"/>
        <line num="4" count="1" type="cond" truecount="1" falsecount="1"/>
        <line num="5" count="0" type="stmt"/>
        <line num="9" count="1" type="stmt"/>
        <line num="10" count="1" type="stmt"/>
        <line num="11" count="1" type="stmt"/>
        <line num="12" count="1" type="stmt"/>
        <line num="13" count="1" type="stmt"/>
        <line num="14" count="1" type="stmt"/>
        <line num="15" count="1" type="stmt"/>
        <line num="16" count="1" type="stmt"/>
        <line num="17" count="1" type="stmt"/>
        <line num="18" count="1" type="stmt"/>
        <line num="19" count="1" type="stmt"/>
        <line num="20" count="1" type="stmt"/>
        <line num="27" count="0" type="stmt"/>
        <line num="28" count="0" type="stmt"/>
        <line num="29" count="0" type="stmt"/>
        <line num="30" count="0" type="stmt"/>
        <line num="31" count="0" type="stmt"/>
        <line num="32" count="0" type="stmt"/>
        <line num="33" count="0" type="stmt"/>
        <line num="35" count="0" type="stmt"/>
        <line num="36" count="0" type="stmt"/>
        <line num="37" count="0" type="stmt"/>
        <line num="38" count="0" type="stmt"/>
        <line num="39" count="0" type="stmt"/>
        <line num="40" count="0" type="stmt"/>
        <line num="41" count="0" type="stmt"/>
        <line num="42" count="0" type="stmt"/>
        <line num="43" count="0" type="stmt"/>
        <line num="44" count="0" type="stmt"/>
        <line num="45" count="0" type="stmt"/>
        <line num="51" count="3" type="stmt"/>
        <line num="53" count="1" type="stmt"/>
        <line num="54" count="1" type="stmt"/>
        <line num="58" count="0" type="stmt"/>
        <line num="59" count="0" type="stmt"/>
        <line num="60" count="0" type="stmt"/>
        <line num="61" count="0" type="stmt"/>
        <line num="65" count="0" type="stmt"/>
        <line num="69" count="0" type="stmt"/>
        <line num="70" count="0" type="stmt"/>
        <line num="74" count="0" type="stmt"/>
        <line num="78" count="0" type="stmt"/>
        <line num="82" count="0" type="stmt"/>
        <line num="86" count="0" type="stmt"/>
        <line num="87" count="0" type="stmt"/>
        <line num="88" count="0" type="stmt"/>
        <line num="93" count="0" type="stmt"/>
      </file>
    </package>
    <package name="src.data">
      <metrics statements="92" coveredstatements="92" conditionals="35" coveredconditionals="34" methods="17" coveredmethods="17"/>
      <file name="generators.ts" path="/Users/calvinchu/indie-fm/src/data/generators.ts">
        <metrics statements="85" coveredstatements="85" conditionals="35" coveredconditionals="34" methods="17" coveredmethods="17"/>
        <line num="11" count="24" type="stmt"/>
        <line num="13" count="34147" type="stmt"/>
        <line num="17" count="1100585" type="stmt"/>
        <line num="21" count="131668" type="stmt"/>
        <line num="24" count="24" type="stmt"/>
        <line num="25" count="24" type="stmt"/>
        <line num="27" count="24" type="stmt"/>
        <line num="44" count="24" type="stmt"/>
        <line num="58" count="754699" type="cond" truecount="1" falsecount="0"/>
        <line num="60" count="14660" type="stmt"/>
        <line num="75" count="14660" type="cond" truecount="2" falsecount="0"/>
        <line num="76" count="1813" type="stmt"/>
        <line num="77" count="1813" type="stmt"/>
        <line num="78" count="1813" type="stmt"/>
        <line num="79" count="1813" type="stmt"/>
        <line num="80" count="12847" type="cond" truecount="2" falsecount="0"/>
        <line num="81" count="3046" type="stmt"/>
        <line num="82" count="3046" type="stmt"/>
        <line num="83" count="3046" type="stmt"/>
        <line num="84" count="9801" type="cond" truecount="4" falsecount="0"/>
        <line num="85" count="1867" type="stmt"/>
        <line num="86" count="1867" type="stmt"/>
        <line num="87" count="7934" type="cond" truecount="2" falsecount="0"/>
        <line num="88" count="471" type="stmt"/>
        <line num="89" count="471" type="stmt"/>
        <line num="90" count="7463" type="cond" truecount="2" falsecount="0"/>
        <line num="91" count="2534" type="stmt"/>
        <line num="92" count="2534" type="stmt"/>
        <line num="93" count="4929" type="cond" truecount="2" falsecount="0"/>
        <line num="94" count="396" type="stmt"/>
        <line num="95" count="396" type="stmt"/>
        <line num="96" count="4533" type="cond" truecount="4" falsecount="0"/>
        <line num="97" count="2408" type="stmt"/>
        <line num="98" count="2408" type="stmt"/>
        <line num="99" count="2125" type="cond" truecount="2" falsecount="0"/>
        <line num="100" count="2099" type="stmt"/>
        <line num="101" count="2099" type="stmt"/>
        <line num="104" count="14660" type="stmt"/>
        <line num="108" count="14660" type="stmt"/>
        <line num="117" count="14660" type="stmt"/>
        <line num="118" count="14660" type="cond" truecount="2" falsecount="0"/>
        <line num="119" count="14634" type="stmt"/>
        <line num="120" count="14634" type="stmt"/>
        <line num="121" count="14634" type="stmt"/>
        <line num="125" count="14660" type="stmt"/>
        <line num="126" count="14660" type="stmt"/>
        <line num="127" count="14660" type="stmt"/>
        <line num="128" count="14660" type="stmt"/>
        <line num="129" count="14660" type="stmt"/>
        <line num="130" count="14660" type="cond" truecount="2" falsecount="0"/>
        <line num="132" count="14660" type="stmt"/>
        <line num="133" count="14660" type="stmt"/>
        <line num="134" count="14660" type="stmt"/>
        <line num="135" count="21867" type="stmt"/>
        <line num="136" count="21867" type="cond" truecount="2" falsecount="0"/>
        <line num="139" count="14660" type="stmt"/>
        <line num="174" count="876" type="cond" truecount="1" falsecount="1"/>
        <line num="175" count="9636" type="stmt"/>
        <line num="176" count="876" type="stmt"/>
        <line num="177" count="876" type="stmt"/>
        <line num="178" count="4380" type="stmt"/>
        <line num="180" count="876" type="stmt"/>
        <line num="184" count="875" type="stmt"/>
        <line num="185" count="875" type="stmt"/>
        <line num="195" count="875" type="stmt"/>
        <line num="211" count="50" type="stmt"/>
        <line num="212" count="50" type="stmt"/>
        <line num="213" count="986" type="stmt"/>
        <line num="214" count="50" type="stmt"/>
        <line num="216" count="50" type="stmt"/>
        <line num="217" count="936" type="stmt"/>
        <line num="218" count="9285" type="stmt"/>
        <line num="219" count="9285" type="stmt"/>
        <line num="220" count="9285" type="cond" truecount="2" falsecount="0"/>
        <line num="221" count="9285" type="stmt"/>
        <line num="225" count="9285" type="stmt"/>
        <line num="233" count="9285" type="stmt"/>
        <line num="241" count="50" type="stmt"/>
        <line num="242" count="50" type="stmt"/>
        <line num="246" count="42" type="stmt"/>
        <line num="247" count="42" type="stmt"/>
        <line num="248" count="826" type="stmt"/>
        <line num="250" count="42" type="stmt"/>
        <line num="251" count="826" type="stmt"/>
        <line num="256" count="42" type="stmt"/>
      </file>
      <file name="names.ts" path="/Users/calvinchu/indie-fm/src/data/names.ts">
        <metrics statements="7" coveredstatements="7" conditionals="0" coveredconditionals="0" methods="0" coveredmethods="0"/>
        <line num="1" count="24" type="stmt"/>
        <line num="14" count="24" type="stmt"/>
        <line num="27" count="24" type="stmt"/>
        <line num="33" count="24" type="stmt"/>
        <line num="40" count="24" type="stmt"/>
        <line num="47" count="24" type="stmt"/>
        <line num="54" count="24" type="stmt"/>
      </file>
    </package>
    <package name="src.i18n">
      <metrics statements="13" coveredstatements="7" conditionals="8" coveredconditionals="2" methods="7" coveredmethods="1"/>
      <file name="translations.ts" path="/Users/calvinchu/indie-fm/src/i18n/translations.ts">
        <metrics statements="13" coveredstatements="7" conditionals="8" coveredconditionals="2" methods="7" coveredmethods="1"/>
        <line num="5" count="1" type="stmt"/>
        <line num="12" count="1" type="stmt"/>
        <line num="30" count="1" type="stmt"/>
        <line num="33" count="0" type="stmt"/>
        <line num="34" count="0" type="stmt"/>
        <line num="38" count="4" type="stmt"/>
        <line num="39" count="4" type="stmt"/>
        <line num="40" count="4" type="cond" truecount="2" falsecount="2"/>
        <line num="42" count="4" type="stmt"/>
        <line num="46" count="0" type="stmt"/>
        <line num="47" count="0" type="cond" truecount="0" falsecount="4"/>
        <line num="48" count="0" type="stmt"/>
        <line num="52" count="0" type="stmt"/>
      </file>
    </package>
    <package name="src.simulation">
      <metrics statements="2218" coveredstatements="1414" conditionals="1629" coveredconditionals="848" methods="627" coveredmethods="365"/>
      <file name="advanced.ts" path="/Users/calvinchu/indie-fm/src/simulation/advanced.ts">
        <metrics statements="62" coveredstatements="4" conditionals="66" coveredconditionals="4" methods="16" coveredmethods="1"/>
        <line num="33" count="5" type="stmt"/>
        <line num="35" count="5" type="cond" truecount="3" falsecount="1"/>
        <line num="36" count="1" type="cond" truecount="0" falsecount="2"/>
        <line num="37" count="0" type="cond" truecount="0" falsecount="2"/>
        <line num="38" count="0" type="cond" truecount="0" falsecount="2"/>
        <line num="39" count="0" type="stmt"/>
        <line num="40" count="0" type="stmt"/>
        <line num="42" count="5" type="stmt"/>
        <line num="56" count="0" type="cond" truecount="0" falsecount="5"/>
        <line num="58" count="0" type="stmt"/>
        <line num="60" count="0" type="stmt"/>
        <line num="62" count="0" type="stmt"/>
        <line num="64" count="0" type="stmt"/>
        <line num="66" count="0" type="stmt"/>
        <line num="71" count="0" type="stmt"/>
        <line num="79" count="0" type="stmt"/>
        <line num="80" count="0" type="stmt"/>
        <line num="81" count="0" type="stmt"/>
        <line num="82" count="0" type="stmt"/>
        <line num="83" count="0" type="stmt"/>
        <line num="88" count="0" type="stmt"/>
        <line num="89" count="0" type="cond" truecount="0" falsecount="2"/>
        <line num="90" count="0" type="cond" truecount="0" falsecount="2"/>
        <line num="91" count="0" type="cond" truecount="0" falsecount="2"/>
        <line num="92" count="0" type="cond" truecount="0" falsecount="2"/>
        <line num="93" count="0" type="stmt"/>
        <line num="97" count="0" type="stmt"/>
        <line num="98" count="0" type="stmt"/>
        <line num="100" count="0" type="stmt"/>
        <line num="101" count="0" type="stmt"/>
        <line num="102" count="0" type="cond" truecount="0" falsecount="2"/>
        <line num="104" count="0" type="stmt"/>
        <line num="105" count="0" type="stmt"/>
        <line num="107" count="0" type="stmt"/>
        <line num="108" count="0" type="cond" truecount="0" falsecount="4"/>
        <line num="110" count="0" type="stmt"/>
        <line num="111" count="0" type="stmt"/>
        <line num="113" count="0" type="stmt"/>
        <line num="114" count="0" type="stmt"/>
        <line num="116" count="0" type="stmt"/>
        <line num="120" count="0" type="cond" truecount="0" falsecount="2"/>
        <line num="121" count="0" type="cond" truecount="0" falsecount="2"/>
        <line num="122" count="0" type="cond" truecount="0" falsecount="2"/>
        <line num="123" count="0" type="cond" truecount="0" falsecount="2"/>
        <line num="124" count="0" type="stmt"/>
        <line num="134" count="0" type="stmt"/>
        <line num="135" count="0" type="stmt"/>
        <line num="136" count="0" type="cond" truecount="0" falsecount="2"/>
        <line num="139" count="0" type="cond" truecount="0" falsecount="3"/>
        <line num="141" count="0" type="stmt"/>
        <line num="142" count="0" type="stmt"/>
        <line num="144" count="0" type="cond" truecount="0" falsecount="2"/>
        <line num="145" count="0" type="stmt"/>
        <line num="147" count="0" type="cond" truecount="0" falsecount="2"/>
        <line num="148" count="0" type="stmt"/>
        <line num="151" count="0" type="stmt"/>
        <line num="152" count="0" type="cond" truecount="0" falsecount="2"/>
        <line num="153" count="0" type="stmt"/>
        <line num="164" count="0" type="stmt"/>
        <line num="182" count="0" type="cond" truecount="0" falsecount="2"/>
        <line num="183" count="0" type="stmt"/>
        <line num="184" count="0" type="stmt"/>
      </file>
      <file name="ai-transfers.ts" path="/Users/calvinchu/indie-fm/src/simulation/ai-transfers.ts">
        <metrics statements="24" coveredstatements="24" conditionals="18" coveredconditionals="16" methods="6" coveredmethods="6"/>
        <line num="17" count="26" type="stmt"/>
        <line num="18" count="520" type="stmt"/>
        <line num="21" count="26" type="stmt"/>
        <line num="22" count="520" type="cond" truecount="2" falsecount="0"/>
        <line num="23" count="494" type="cond" truecount="2" falsecount="0"/>
        <line num="25" count="200" type="cond" truecount="2" falsecount="0"/>
        <line num="27" count="520" type="stmt"/>
        <line num="29" count="1894" type="stmt"/>
        <line num="30" count="254" type="cond" truecount="2" falsecount="0"/>
        <line num="31" count="252" type="stmt"/>
        <line num="34" count="5040" type="cond" truecount="3" falsecount="0"/>
        <line num="35" count="252" type="cond" truecount="1" falsecount="1"/>
        <line num="36" count="252" type="stmt"/>
        <line num="39" count="252" type="stmt"/>
        <line num="41" count="3512" type="stmt"/>
        <line num="42" count="252" type="cond" truecount="1" falsecount="1"/>
        <line num="43" count="252" type="stmt"/>
        <line num="44" count="252" type="stmt"/>
        <line num="47" count="252" type="stmt"/>
        <line num="48" count="252" type="stmt"/>
        <line num="50" count="252" type="stmt"/>
        <line num="62" count="26" type="stmt"/>
        <line num="67" count="161" type="stmt"/>
        <line num="68" count="161" type="cond" truecount="3" falsecount="0"/>
      </file>
      <file name="aiadaptation.ts" path="/Users/calvinchu/indie-fm/src/simulation/aiadaptation.ts">
        <metrics statements="24" coveredstatements="18" conditionals="16" coveredconditionals="10" methods="2" coveredmethods="2"/>
        <line num="4" count="5" type="stmt"/>
        <line num="6" count="5" type="cond" truecount="2" falsecount="0"/>
        <line num="8" count="2" type="cond" truecount="1" falsecount="1"/>
        <line num="9" count="2" type="stmt"/>
        <line num="10" count="2" type="stmt"/>
        <line num="11" count="2" type="stmt"/>
        <line num="12" count="2" type="stmt"/>
        <line num="13" count="0" type="cond" truecount="0" falsecount="2"/>
        <line num="14" count="0" type="stmt"/>
        <line num="15" count="0" type="stmt"/>
        <line num="17" count="3" type="cond" truecount="2" falsecount="0"/>
        <line num="19" count="1" type="cond" truecount="1" falsecount="1"/>
        <line num="20" count="1" type="stmt"/>
        <line num="21" count="1" type="stmt"/>
        <line num="22" count="1" type="stmt"/>
        <line num="23" count="1" type="stmt"/>
        <line num="24" count="0" type="cond" truecount="0" falsecount="2"/>
        <line num="25" count="0" type="stmt"/>
        <line num="26" count="0" type="stmt"/>
        <line num="30" count="2" type="cond" truecount="2" falsecount="0"/>
        <line num="31" count="1" type="stmt"/>
        <line num="32" count="1" type="stmt"/>
        <line num="36" count="5" type="stmt"/>
        <line num="40" count="6" type="cond" truecount="2" falsecount="0"/>
      </file>
      <file name="awards.ts" path="/Users/calvinchu/indie-fm/src/simulation/awards.ts">
        <metrics statements="31" coveredstatements="31" conditionals="24" coveredconditionals="20" methods="13" coveredmethods="13"/>
        <line num="15" count="7" type="stmt"/>
        <line num="16" count="7" type="stmt"/>
        <line num="17" count="140" type="stmt"/>
        <line num="18" count="2240" type="stmt"/>
        <line num="23" count="9641" type="stmt"/>
        <line num="24" count="7" type="cond" truecount="4" falsecount="0"/>
        <line num="29" count="8540" type="stmt"/>
        <line num="30" count="7" type="cond" truecount="4" falsecount="0"/>
        <line num="35" count="7" type="stmt"/>
        <line num="36" count="2240" type="stmt"/>
        <line num="37" count="1056" type="stmt"/>
        <line num="41" count="6722" type="stmt"/>
        <line num="43" count="7" type="cond" truecount="2" falsecount="0"/>
        <line num="48" count="1056" type="stmt"/>
        <line num="49" count="7" type="cond" truecount="2" falsecount="0"/>
        <line num="54" count="7" type="stmt"/>
        <line num="55" count="7" type="stmt"/>
        <line num="56" count="7" type="stmt"/>
        <line num="57" count="70" type="stmt"/>
        <line num="58" count="22400" type="cond" truecount="2" falsecount="0"/>
        <line num="59" count="4059" type="stmt"/>
        <line num="60" count="70" type="cond" truecount="2" falsecount="0"/>
        <line num="61" count="50" type="stmt"/>
        <line num="66" count="7" type="stmt"/>
        <line num="67" count="383" type="stmt"/>
        <line num="68" count="382" type="stmt"/>
        <line num="70" count="7" type="cond" truecount="1" falsecount="1"/>
        <line num="71" count="88" type="cond" truecount="1" falsecount="1"/>
        <line num="73" count="7" type="cond" truecount="1" falsecount="1"/>
        <line num="74" count="61" type="cond" truecount="1" falsecount="1"/>
        <line num="77" count="7" type="stmt"/>
      </file>
      <file name="board.ts" path="/Users/calvinchu/indie-fm/src/simulation/board.ts">
        <metrics statements="58" coveredstatements="27" conditionals="44" coveredconditionals="8" methods="13" coveredmethods="5"/>
        <line num="36" count="24" type="stmt"/>
        <line num="38" count="24" type="cond" truecount="2" falsecount="0"/>
        <line num="39" count="7" type="stmt"/>
        <line num="40" count="7" type="stmt"/>
        <line num="41" count="17" type="cond" truecount="2" falsecount="0"/>
        <line num="42" count="9" type="stmt"/>
        <line num="43" count="9" type="stmt"/>
        <line num="45" count="8" type="stmt"/>
        <line num="46" count="8" type="stmt"/>
        <line num="48" count="24" type="stmt"/>
        <line num="50" count="24" type="stmt"/>
        <line num="61" count="166" type="stmt"/>
        <line num="63" count="166" type="cond" truecount="1" falsecount="1"/>
        <line num="64" count="166" type="stmt"/>
        <line num="66" count="166" type="stmt"/>
        <line num="67" count="166" type="cond" truecount="2" falsecount="0"/>
        <line num="68" count="41" type="stmt"/>
        <line num="70" count="166" type="stmt"/>
        <line num="72" count="166" type="stmt"/>
        <line num="76" count="0" type="stmt"/>
        <line num="80" count="0" type="cond" truecount="0" falsecount="2"/>
        <line num="81" count="0" type="cond" truecount="0" falsecount="2"/>
        <line num="82" count="0" type="cond" truecount="0" falsecount="2"/>
        <line num="83" count="0" type="cond" truecount="0" falsecount="2"/>
        <line num="84" count="0" type="stmt"/>
        <line num="88" count="24" type="stmt"/>
        <line num="104" count="166" type="cond" truecount="1" falsecount="1"/>
        <line num="105" count="166" type="stmt"/>
        <line num="106" count="166" type="stmt"/>
        <line num="107" count="2657" type="stmt"/>
        <line num="108" count="166" type="stmt"/>
        <line num="110" count="166" type="stmt"/>
        <line num="117" count="166" type="stmt"/>
        <line num="125" count="0" type="cond" truecount="0" falsecount="2"/>
        <line num="126" count="0" type="stmt"/>
        <line num="127" count="0" type="cond" truecount="0" falsecount="2"/>
        <line num="128" count="0" type="stmt"/>
        <line num="133" count="0" type="stmt"/>
        <line num="137" count="0" type="stmt"/>
        <line num="138" count="0" type="cond" truecount="0" falsecount="2"/>
        <line num="139" count="0" type="cond" truecount="0" falsecount="2"/>
        <line num="141" count="0" type="stmt"/>
        <line num="142" count="0" type="stmt"/>
        <line num="143" count="0" type="cond" truecount="0" falsecount="2"/>
        <line num="144" count="0" type="stmt"/>
        <line num="154" count="0" type="stmt"/>
        <line num="158" count="0" type="stmt"/>
        <line num="159" count="0" type="cond" truecount="0" falsecount="2"/>
        <line num="160" count="0" type="cond" truecount="0" falsecount="2"/>
        <line num="161" count="0" type="cond" truecount="0" falsecount="2"/>
        <line num="162" count="0" type="cond" truecount="0" falsecount="2"/>
        <line num="164" count="0" type="cond" truecount="0" falsecount="2"/>
        <line num="165" count="0" type="cond" truecount="0" falsecount="2"/>
        <line num="166" count="0" type="cond" truecount="0" falsecount="2"/>
        <line num="168" count="0" type="stmt"/>
        <line num="171" count="0" type="stmt"/>
        <line num="172" count="0" type="cond" truecount="0" falsecount="2"/>
        <line num="174" count="0" type="stmt"/>
      </file>
      <file name="challenges.ts" path="/Users/calvinchu/indie-fm/src/simulation/challenges.ts">
        <metrics statements="32" coveredstatements="27" conditionals="45" coveredconditionals="34" methods="8" coveredmethods="7"/>
        <line num="14" count="1" type="stmt"/>
        <line num="16" count="1" type="stmt"/>
        <line num="17" count="1" type="cond" truecount="2" falsecount="2"/>
        <line num="18" count="0" type="stmt"/>
        <line num="21" count="1" type="stmt"/>
        <line num="22" count="20" type="cond" truecount="2" falsecount="0"/>
        <line num="23" count="1" type="stmt"/>
        <line num="27" count="1" type="stmt"/>
        <line num="28" count="380" type="cond" truecount="1" falsecount="1"/>
        <line num="29" count="380" type="stmt"/>
        <line num="36" count="1" type="stmt"/>
        <line num="37" count="20" type="cond" truecount="1" falsecount="1"/>
        <line num="38" count="20" type="cond" truecount="2" falsecount="0"/>
        <line num="41" count="1" type="stmt"/>
        <line num="60" count="6" type="cond" truecount="2" falsecount="0"/>
        <line num="61" count="5" type="cond" truecount="2" falsecount="0"/>
        <line num="62" count="1" type="stmt"/>
        <line num="64" count="4" type="cond" truecount="5" falsecount="0"/>
        <line num="65" count="1" type="stmt"/>
        <line num="67" count="3" type="cond" truecount="5" falsecount="0"/>
        <line num="68" count="1" type="stmt"/>
        <line num="72" count="3" type="cond" truecount="2" falsecount="0"/>
        <line num="73" count="1" type="cond" truecount="4" falsecount="1"/>
        <line num="74" count="1" type="stmt"/>
        <line num="78" count="2" type="stmt"/>
        <line num="82" count="1" type="stmt"/>
        <line num="83" count="380" type="cond" truecount="1" falsecount="2"/>
        <line num="85" count="1" type="stmt"/>
        <line num="86" count="0" type="stmt"/>
        <line num="87" count="0" type="cond" truecount="0" falsecount="2"/>
        <line num="88" count="0" type="cond" truecount="0" falsecount="2"/>
        <line num="89" count="0" type="stmt"/>
      </file>
      <file name="club.ts" path="/Users/calvinchu/indie-fm/src/simulation/club.ts">
        <metrics statements="20" coveredstatements="9" conditionals="8" coveredconditionals="0" methods="8" coveredmethods="2"/>
        <line num="52" count="0" type="stmt"/>
        <line num="56" count="0" type="stmt"/>
        <line num="57" count="0" type="cond" truecount="0" falsecount="2"/>
        <line num="58" count="0" type="stmt"/>
        <line num="66" count="0" type="stmt"/>
        <line num="70" count="0" type="stmt"/>
        <line num="71" count="0" type="cond" truecount="0" falsecount="2"/>
        <line num="72" count="0" type="stmt"/>
        <line num="73" count="0" type="cond" truecount="0" falsecount="2"/>
        <line num="74" count="0" type="stmt"/>
        <line num="81" count="1" type="stmt"/>
        <line num="82" count="1" type="stmt"/>
        <line num="83" count="1" type="stmt"/>
        <line num="85" count="1" type="stmt"/>
        <line num="86" count="16" type="stmt"/>
        <line num="89" count="1" type="stmt"/>
        <line num="92" count="2" type="stmt"/>
        <line num="104" count="1" type="stmt"/>
        <line num="147" count="1" type="stmt"/>
        <line num="171" count="0" type="cond" truecount="0" falsecount="2"/>
      </file>
      <file name="code-quality.ts" path="/Users/calvinchu/indie-fm/src/simulation/code-quality.ts">
        <metrics statements="56" coveredstatements="45" conditionals="40" coveredconditionals="32" methods="24" coveredmethods="18"/>
        <line num="12" count="2" type="stmt"/>
        <line num="17" count="2" type="stmt"/>
        <line num="21" count="3" type="stmt"/>
        <line num="22" count="3" type="stmt"/>
        <line num="23" count="3" type="cond" truecount="1" falsecount="1"/>
        <line num="24" count="2" type="stmt"/>
        <line num="26" count="1" type="stmt"/>
        <line num="31" count="1" type="stmt"/>
        <line num="32" count="1" type="stmt"/>
        <line num="39" count="1" type="stmt"/>
        <line num="40" count="1" type="stmt"/>
        <line num="41" count="1" type="cond" truecount="1" falsecount="1"/>
        <line num="42" count="1" type="stmt"/>
        <line num="44" count="0" type="stmt"/>
        <line num="56" count="8" type="stmt"/>
        <line num="60" count="8" type="stmt"/>
        <line num="68" count="6" type="cond" truecount="2" falsecount="0"/>
        <line num="69" count="5" type="stmt"/>
        <line num="70" count="5" type="stmt"/>
        <line num="78" count="2" type="cond" truecount="2" falsecount="0"/>
        <line num="79" count="1" type="stmt"/>
        <line num="80" count="1" type="stmt"/>
        <line num="89" count="0" type="stmt"/>
        <line num="90" count="0" type="stmt"/>
        <line num="97" count="0" type="stmt"/>
        <line num="98" count="0" type="stmt"/>
        <line num="99" count="0" type="cond" truecount="0" falsecount="2"/>
        <line num="101" count="0" type="stmt"/>
        <line num="114" count="2" type="stmt"/>
        <line num="118" count="0" type="stmt"/>
        <line num="124" count="3" type="cond" truecount="4" falsecount="0"/>
        <line num="125" count="2" type="cond" truecount="2" falsecount="0"/>
        <line num="126" count="1" type="cond" truecount="1" falsecount="1"/>
        <line num="127" count="1" type="stmt"/>
        <line num="131" count="2" type="cond" truecount="2" falsecount="0"/>
        <line num="132" count="1" type="cond" truecount="1" falsecount="1"/>
        <line num="133" count="1" type="stmt"/>
        <line num="137" count="2" type="cond" truecount="1" falsecount="1"/>
        <line num="138" count="2" type="cond" truecount="2" falsecount="0"/>
        <line num="139" count="1" type="stmt"/>
        <line num="152" count="3" type="stmt"/>
        <line num="153" count="3" type="stmt"/>
        <line num="154" count="3" type="stmt"/>
        <line num="156" count="3" type="stmt"/>
        <line num="167" count="2" type="stmt"/>
        <line num="178" count="2" type="cond" truecount="6" falsecount="0"/>
        <line num="182" count="4" type="stmt"/>
        <line num="202" count="4" type="stmt"/>
        <line num="217" count="39" type="stmt"/>
        <line num="218" count="5" type="cond" truecount="2" falsecount="0"/>
        <line num="219" count="4" type="cond" truecount="1" falsecount="1"/>
        <line num="230" count="2" type="stmt"/>
        <line num="234" count="1" type="stmt"/>
        <line num="238" count="0" type="stmt"/>
        <line num="242" count="0" type="stmt"/>
        <line num="246" count="0" type="stmt"/>
      </file>
      <file name="commentary.ts" path="/Users/calvinchu/indie-fm/src/simulation/commentary.ts">
        <metrics statements="5" coveredstatements="5" conditionals="6" coveredconditionals="5" methods="1" coveredmethods="1"/>
        <line num="3" count="9" type="stmt"/>
        <line num="60" count="3112" type="stmt"/>
        <line num="61" count="3112" type="cond" truecount="4" falsecount="0"/>
        <line num="62" count="3111" type="stmt"/>
        <line num="63" count="3111" type="cond" truecount="1" falsecount="1"/>
      </file>
      <file name="continental-calendar.ts" path="/Users/calvinchu/indie-fm/src/simulation/continental-calendar.ts">
        <metrics statements="54" coveredstatements="0" conditionals="21" coveredconditionals="0" methods="14" coveredmethods="0"/>
        <line num="40" count="0" type="stmt"/>
        <line num="41" count="0" type="stmt"/>
        <line num="43" count="0" type="stmt"/>
        <line num="46" count="0" type="stmt"/>
        <line num="47" count="0" type="stmt"/>
        <line num="48" count="0" type="stmt"/>
        <line num="51" count="0" type="stmt"/>
        <line num="52" count="0" type="stmt"/>
        <line num="53" count="0" type="stmt"/>
        <line num="56" count="0" type="stmt"/>
        <line num="57" count="0" type="stmt"/>
        <line num="58" count="0" type="cond" truecount="0" falsecount="2"/>
        <line num="61" count="0" type="stmt"/>
        <line num="62" count="0" type="stmt"/>
        <line num="63" count="0" type="stmt"/>
        <line num="65" count="0" type="stmt"/>
        <line num="66" count="0" type="stmt"/>
        <line num="77" count="0" type="stmt"/>
        <line num="78" count="0" type="stmt"/>
        <line num="88" count="0" type="stmt"/>
        <line num="94" count="0" type="stmt"/>
        <line num="100" count="0" type="stmt"/>
        <line num="111" count="0" type="cond" truecount="0" falsecount="2"/>
        <line num="120" count="0" type="stmt"/>
        <line num="121" count="0" type="stmt"/>
        <line num="123" count="0" type="stmt"/>
        <line num="124" count="0" type="stmt"/>
        <line num="125" count="0" type="stmt"/>
        <line num="126" count="0" type="stmt"/>
        <line num="127" count="0" type="stmt"/>
        <line num="130" count="0" type="stmt"/>
        <line num="140" count="0" type="stmt"/>
        <line num="141" count="0" type="cond" truecount="0" falsecount="2"/>
        <line num="142" count="0" type="stmt"/>
        <line num="143" count="0" type="cond" truecount="0" falsecount="4"/>
        <line num="144" count="0" type="stmt"/>
        <line num="145" count="0" type="stmt"/>
        <line num="146" count="0" type="stmt"/>
        <line num="148" count="0" type="cond" truecount="0" falsecount="2"/>
        <line num="149" count="0" type="stmt"/>
        <line num="150" count="0" type="cond" truecount="0" falsecount="4"/>
        <line num="151" count="0" type="stmt"/>
        <line num="152" count="0" type="stmt"/>
        <line num="153" count="0" type="stmt"/>
        <line num="155" count="0" type="stmt"/>
        <line num="161" count="0" type="stmt"/>
        <line num="162" count="0" type="stmt"/>
        <line num="163" count="0" type="stmt"/>
        <line num="164" count="0" type="stmt"/>
        <line num="165" count="0" type="stmt"/>
        <line num="166" count="0" type="cond" truecount="0" falsecount="2"/>
        <line num="167" count="0" type="cond" truecount="0" falsecount="2"/>
        <line num="168" count="0" type="stmt"/>
        <line num="171" count="0" type="stmt"/>
      </file>
      <file name="cups.ts" path="/Users/calvinchu/indie-fm/src/simulation/cups.ts">
        <metrics statements="59" coveredstatements="54" conditionals="40" coveredconditionals="35" methods="8" coveredmethods="8"/>
        <line num="32" count="219" type="stmt"/>
        <line num="33" count="5" type="stmt"/>
        <line num="35" count="5" type="stmt"/>
        <line num="45" count="13" type="stmt"/>
        <line num="46" count="13" type="stmt"/>
        <line num="47" count="62" type="cond" truecount="1" falsecount="1"/>
        <line num="48" count="62" type="stmt"/>
        <line num="55" count="0" type="stmt"/>
        <line num="66" count="13" type="stmt"/>
        <line num="73" count="10" type="stmt"/>
        <line num="74" count="10" type="stmt"/>
        <line num="75" count="10" type="stmt"/>
        <line num="77" count="10" type="stmt"/>
        <line num="78" count="46" type="cond" truecount="2" falsecount="2"/>
        <line num="79" count="0" type="stmt"/>
        <line num="80" count="0" type="stmt"/>
        <line num="82" count="46" type="cond" truecount="1" falsecount="1"/>
        <line num="83" count="0" type="stmt"/>
        <line num="84" count="0" type="stmt"/>
        <line num="87" count="361" type="stmt"/>
        <line num="88" count="413" type="stmt"/>
        <line num="89" count="46" type="cond" truecount="3" falsecount="1"/>
        <line num="91" count="46" type="stmt"/>
        <line num="95" count="46" type="stmt"/>
        <line num="98" count="46" type="stmt"/>
        <line num="101" count="46" type="cond" truecount="2" falsecount="0"/>
        <line num="102" count="38" type="cond" truecount="2" falsecount="0"/>
        <line num="104" count="8" type="stmt"/>
        <line num="105" count="8" type="cond" truecount="2" falsecount="0"/>
        <line num="106" count="8" type="cond" truecount="2" falsecount="0"/>
        <line num="107" count="8" type="stmt"/>
        <line num="108" count="8" type="stmt"/>
        <line num="110" count="8" type="cond" truecount="2" falsecount="0"/>
        <line num="111" count="3" type="cond" truecount="2" falsecount="0"/>
        <line num="112" count="3" type="stmt"/>
        <line num="113" count="3" type="stmt"/>
        <line num="115" count="5" type="stmt"/>
        <line num="116" count="5" type="stmt"/>
        <line num="117" count="5" type="cond" truecount="2" falsecount="0"/>
        <line num="118" count="5" type="cond" truecount="2" falsecount="0"/>
        <line num="120" count="5" type="cond" truecount="2" falsecount="0"/>
        <line num="124" count="46" type="stmt"/>
        <line num="125" count="46" type="stmt"/>
        <line num="136" count="10" type="stmt"/>
        <line num="137" count="10" type="stmt"/>
        <line num="139" count="10" type="stmt"/>
        <line num="140" count="10" type="stmt"/>
        <line num="141" count="10" type="stmt"/>
        <line num="143" count="10" type="cond" truecount="4" falsecount="0"/>
        <line num="144" count="8" type="stmt"/>
        <line num="145" count="8" type="stmt"/>
        <line num="148" count="10" type="stmt"/>
        <line num="160" count="1" type="stmt"/>
        <line num="161" count="1" type="stmt"/>
        <line num="162" count="1" type="cond" truecount="2" falsecount="0"/>
        <line num="163" count="4" type="stmt"/>
        <line num="164" count="4" type="stmt"/>
        <line num="165" count="4" type="stmt"/>
        <line num="167" count="1" type="stmt"/>
      </file>
      <file name="development-arcs.ts" path="/Users/calvinchu/indie-fm/src/simulation/development-arcs.ts">
        <metrics statements="77" coveredstatements="72" conditionals="69" coveredconditionals="64" methods="14" coveredmethods="14"/>
        <line num="16" count="106347" type="cond" truecount="4" falsecount="0"/>
        <line num="17" count="95593" type="cond" truecount="2" falsecount="0"/>
        <line num="18" count="69815" type="cond" truecount="2" falsecount="0"/>
        <line num="19" count="33634" type="cond" truecount="2" falsecount="0"/>
        <line num="20" count="17192" type="stmt"/>
        <line num="24" count="53168" type="stmt"/>
        <line num="25" count="53168" type="stmt"/>
        <line num="27" count="53168" type="stmt"/>
        <line num="39" count="53168" type="cond" truecount="5" falsecount="0"/>
        <line num="40" count="5377" type="stmt"/>
        <line num="41" count="12884" type="stmt"/>
        <line num="42" count="18090" type="cond" truecount="2" falsecount="0"/>
        <line num="43" count="8221" type="stmt"/>
        <line num="44" count="8596" type="stmt"/>
        <line num="49" count="53175" type="stmt"/>
        <line num="50" count="53175" type="stmt"/>
        <line num="53" count="53175" type="stmt"/>
        <line num="54" count="53175" type="cond" truecount="1" falsecount="1"/>
        <line num="55" count="0" type="stmt"/>
        <line num="56" count="0" type="stmt"/>
        <line num="60" count="53175" type="cond" truecount="4" falsecount="0"/>
        <line num="61" count="836" type="stmt"/>
        <line num="62" count="836" type="stmt"/>
        <line num="63" count="836" type="stmt"/>
        <line num="67" count="53175" type="cond" truecount="2" falsecount="0"/>
        <line num="68" count="29943" type="stmt"/>
        <line num="69" count="29943" type="stmt"/>
        <line num="72" count="29943" type="stmt"/>
        <line num="73" count="29943" type="cond" truecount="2" falsecount="0"/>
        <line num="74" count="18269" type="stmt"/>
        <line num="76" count="23232" type="cond" truecount="2" falsecount="0"/>
        <line num="78" count="8595" type="stmt"/>
        <line num="81" count="8595" type="cond" truecount="2" falsecount="2"/>
        <line num="82" count="0" type="stmt"/>
        <line num="87" count="53175" type="stmt"/>
        <line num="88" count="53175" type="cond" truecount="2" falsecount="0"/>
        <line num="89" count="37" type="stmt"/>
        <line num="91" count="53175" type="stmt"/>
        <line num="94" count="53175" type="stmt"/>
        <line num="96" count="53175" type="stmt"/>
        <line num="100" count="49048" type="stmt"/>
        <line num="101" count="208702" type="cond" truecount="2" falsecount="0"/>
        <line num="102" count="124978" type="stmt"/>
        <line num="108" count="8595" type="stmt"/>
        <line num="109" count="68760" type="cond" truecount="2" falsecount="0"/>
        <line num="110" count="48258" type="stmt"/>
        <line num="116" count="30779" type="cond" truecount="10" falsecount="1"/>
        <line num="117" count="3706" type="stmt"/>
        <line num="118" count="6647" type="stmt"/>
        <line num="119" count="3248" type="stmt"/>
        <line num="120" count="836" type="stmt"/>
        <line num="121" count="5804" type="stmt"/>
        <line num="122" count="877" type="stmt"/>
        <line num="123" count="5293" type="stmt"/>
        <line num="124" count="4368" type="stmt"/>
        <line num="125" count="0" type="stmt"/>
        <line num="130" count="18269" type="cond" truecount="10" falsecount="1"/>
        <line num="131" count="2478" type="stmt"/>
        <line num="132" count="4138" type="stmt"/>
        <line num="133" count="1928" type="stmt"/>
        <line num="134" count="525" type="stmt"/>
        <line num="135" count="3496" type="stmt"/>
        <line num="136" count="650" type="stmt"/>
        <line num="137" count="2704" type="stmt"/>
        <line num="138" count="2350" type="stmt"/>
        <line num="139" count="0" type="stmt"/>
        <line num="144" count="8595" type="stmt"/>
        <line num="148" count="53175" type="stmt"/>
        <line num="149" count="2392875" type="stmt"/>
        <line num="153" count="3" type="cond" truecount="2" falsecount="0"/>
        <line num="157" count="2" type="cond" truecount="2" falsecount="0"/>
        <line num="158" count="1" type="stmt"/>
        <line num="159" count="1" type="stmt"/>
        <line num="163" count="1" type="stmt"/>
        <line num="164" count="1" type="stmt"/>
        <line num="165" count="1" type="stmt"/>
        <line num="166" count="1" type="stmt"/>
      </file>
      <file name="development.ts" path="/Users/calvinchu/indie-fm/src/simulation/development.ts">
        <metrics statements="76" coveredstatements="58" conditionals="30" coveredconditionals="18" methods="30" coveredmethods="16"/>
        <line num="21" count="5" type="stmt"/>
        <line num="33" count="123661" type="stmt"/>
        <line num="37" count="160" type="stmt"/>
        <line num="38" count="2560" type="stmt"/>
        <line num="39" count="2560" type="stmt"/>
        <line num="41" count="2560" type="cond" truecount="2" falsecount="0"/>
        <line num="42" count="773" type="stmt"/>
        <line num="43" count="773" type="stmt"/>
        <line num="44" count="773" type="stmt"/>
        <line num="45" count="773" type="stmt"/>
        <line num="46" count="773" type="stmt"/>
        <line num="47" count="1787" type="cond" truecount="2" falsecount="0"/>
        <line num="48" count="767" type="stmt"/>
        <line num="49" count="767" type="stmt"/>
        <line num="50" count="767" type="stmt"/>
        <line num="52" count="1020" type="stmt"/>
        <line num="53" count="1020" type="stmt"/>
        <line num="54" count="1020" type="stmt"/>
        <line num="55" count="1020" type="stmt"/>
        <line num="56" count="1020" type="stmt"/>
        <line num="59" count="2560" type="stmt"/>
        <line num="60" count="2560" type="cond" truecount="2" falsecount="0"/>
        <line num="61" count="2560" type="stmt"/>
        <line num="66" count="2560" type="stmt"/>
        <line num="67" count="2560" type="stmt"/>
        <line num="68" count="25600" type="stmt"/>
        <line num="72" count="3320" type="stmt"/>
        <line num="73" count="53164" type="stmt"/>
        <line num="74" count="53164" type="stmt"/>
        <line num="75" count="53164" type="stmt"/>
        <line num="80" count="3320" type="stmt"/>
        <line num="81" count="53164" type="cond" truecount="2" falsecount="0"/>
        <line num="82" count="32868" type="stmt"/>
        <line num="83" count="32868" type="stmt"/>
        <line num="85" count="20296" type="stmt"/>
        <line num="86" count="20296" type="stmt"/>
        <line num="92" count="3320" type="stmt"/>
        <line num="93" count="3320" type="stmt"/>
        <line num="94" count="53164" type="cond" truecount="4" falsecount="0"/>
        <line num="95" count="53164" type="cond" truecount="2" falsecount="0"/>
        <line num="96" count="2650" type="stmt"/>
        <line num="97" count="2650" type="stmt"/>
        <line num="98" count="2650" type="stmt"/>
        <line num="104" count="2650" type="stmt"/>
        <line num="106" count="50514" type="stmt"/>
        <line num="108" count="3320" type="stmt"/>
        <line num="112" count="166" type="stmt"/>
        <line num="113" count="10201" type="stmt"/>
        <line num="114" count="10201" type="stmt"/>
        <line num="119" count="0" type="stmt"/>
        <line num="123" count="0" type="cond" truecount="0" falsecount="2"/>
        <line num="127" count="166" type="stmt"/>
        <line num="128" count="0" type="stmt"/>
        <line num="129" count="0" type="stmt"/>
        <line num="133" count="0" type="stmt"/>
        <line num="134" count="0" type="cond" truecount="0" falsecount="2"/>
        <line num="135" count="0" type="stmt"/>
        <line num="136" count="0" type="cond" truecount="0" falsecount="2"/>
        <line num="137" count="0" type="stmt"/>
        <line num="138" count="0" type="stmt"/>
        <line num="140" count="0" type="cond" truecount="0" falsecount="2"/>
        <line num="142" count="0" type="stmt"/>
        <line num="146" count="0" type="stmt"/>
        <line num="147" count="0" type="cond" truecount="0" falsecount="2"/>
        <line num="148" count="0" type="cond" truecount="0" falsecount="2"/>
        <line num="150" count="0" type="stmt"/>
        <line num="154" count="2988" type="stmt"/>
        <line num="155" count="47856" type="stmt"/>
        <line num="156" count="47856" type="cond" truecount="2" falsecount="0"/>
        <line num="157" count="29573" type="stmt"/>
        <line num="158" count="47856" type="cond" truecount="2" falsecount="0"/>
        <line num="159" count="14988" type="stmt"/>
        <line num="160" count="47856" type="stmt"/>
        <line num="161" count="47856" type="stmt"/>
        <line num="166" count="0" type="stmt"/>
        <line num="170" count="0" type="stmt"/>
      </file>
      <file name="dynamics.ts" path="/Users/calvinchu/indie-fm/src/simulation/dynamics.ts">
        <metrics statements="67" coveredstatements="21" conditionals="43" coveredconditionals="15" methods="22" coveredmethods="8"/>
        <line num="30" count="0" type="stmt"/>
        <line num="31" count="0" type="stmt"/>
        <line num="33" count="0" type="stmt"/>
        <line num="34" count="0" type="cond" truecount="0" falsecount="2"/>
        <line num="35" count="0" type="stmt"/>
        <line num="39" count="0" type="stmt"/>
        <line num="41" count="0" type="stmt"/>
        <line num="45" count="0" type="stmt"/>
        <line num="46" count="0" type="cond" truecount="0" falsecount="2"/>
        <line num="47" count="0" type="stmt"/>
        <line num="51" count="0" type="stmt"/>
        <line num="53" count="0" type="stmt"/>
        <line num="57" count="0" type="stmt"/>
        <line num="58" count="0" type="stmt"/>
        <line num="59" count="0" type="cond" truecount="0" falsecount="2"/>
        <line num="60" count="0" type="stmt"/>
        <line num="61" count="0" type="stmt"/>
        <line num="63" count="0" type="stmt"/>
        <line num="64" count="0" type="cond" truecount="0" falsecount="2"/>
        <line num="65" count="0" type="stmt"/>
        <line num="69" count="0" type="stmt"/>
        <line num="71" count="0" type="stmt"/>
        <line num="76" count="0" type="stmt"/>
        <line num="80" count="26" type="stmt"/>
        <line num="81" count="419" type="cond" truecount="3" falsecount="0"/>
        <line num="82" count="419" type="stmt"/>
        <line num="84" count="26" type="stmt"/>
        <line num="85" count="26" type="stmt"/>
        <line num="87" count="26" type="stmt"/>
        <line num="88" count="35" type="stmt"/>
        <line num="89" count="35" type="cond" truecount="2" falsecount="0"/>
        <line num="90" count="34" type="stmt"/>
        <line num="93" count="74" type="stmt"/>
        <line num="99" count="26" type="stmt"/>
        <line num="103" count="166" type="stmt"/>
        <line num="104" count="2657" type="stmt"/>
        <line num="105" count="2657" type="cond" truecount="2" falsecount="0"/>
        <line num="106" count="237" type="cond" truecount="1" falsecount="1"/>
        <line num="108" count="237" type="stmt"/>
        <line num="109" count="237" type="stmt"/>
        <line num="111" count="237" type="cond" truecount="2" falsecount="0"/>
        <line num="112" count="22" type="cond" truecount="3" falsecount="1"/>
        <line num="113" count="18" type="cond" truecount="0" falsecount="2"/>
        <line num="114" count="0" type="stmt"/>
        <line num="116" count="0" type="stmt"/>
        <line num="117" count="0" type="stmt"/>
        <line num="118" count="0" type="stmt"/>
        <line num="122" count="237" type="stmt"/>
        <line num="127" count="0" type="stmt"/>
        <line num="128" count="0" type="stmt"/>
        <line num="129" count="0" type="stmt"/>
        <line num="130" count="0" type="cond" truecount="0" falsecount="4"/>
        <line num="131" count="0" type="stmt"/>
        <line num="133" count="0" type="cond" truecount="0" falsecount="2"/>
        <line num="134" count="0" type="stmt"/>
        <line num="138" count="0" type="stmt"/>
        <line num="140" count="0" type="cond" truecount="0" falsecount="2"/>
        <line num="141" count="0" type="cond" truecount="0" falsecount="2"/>
        <line num="142" count="0" type="stmt"/>
        <line num="144" count="0" type="stmt"/>
        <line num="148" count="0" type="stmt"/>
        <line num="149" count="0" type="cond" truecount="0" falsecount="4"/>
        <line num="150" count="0" type="stmt"/>
        <line num="151" count="0" type="stmt"/>
        <line num="152" count="0" type="cond" truecount="0" falsecount="2"/>
        <line num="153" count="0" type="stmt"/>
        <line num="156" count="0" type="stmt"/>
      </file>
      <file name="enforcement.ts" path="/Users/calvinchu/indie-fm/src/simulation/enforcement.ts">
        <metrics statements="69" coveredstatements="20" conditionals="57" coveredconditionals="8" methods="31" coveredmethods="16"/>
        <line num="9" count="7" type="stmt"/>
        <line num="10" count="7" type="cond" truecount="3" falsecount="0"/>
        <line num="14" count="2" type="cond" truecount="2" falsecount="0"/>
        <line num="15" count="1" type="stmt"/>
        <line num="16" count="1" type="cond" truecount="2" falsecount="2"/>
        <line num="17" count="1" type="stmt"/>
        <line num="22" count="2" type="stmt"/>
        <line num="26" count="195" type="stmt"/>
        <line num="27" count="195" type="stmt"/>
        <line num="28" count="13" type="stmt"/>
        <line num="33" count="2577" type="cond" truecount="1" falsecount="1"/>
        <line num="34" count="2577" type="stmt"/>
        <line num="35" count="161" type="stmt"/>
        <line num="40" count="2673" type="stmt"/>
        <line num="44" count="2" type="stmt"/>
        <line num="48" count="2" type="stmt"/>
        <line num="52" count="4" type="stmt"/>
        <line num="55" count="2" type="stmt"/>
        <line num="59" count="2" type="stmt"/>
        <line num="63" count="4" type="stmt"/>
        <line num="77" count="0" type="cond" truecount="0" falsecount="2"/>
        <line num="78" count="0" type="cond" truecount="0" falsecount="2"/>
        <line num="79" count="0" type="cond" truecount="0" falsecount="2"/>
        <line num="81" count="0" type="cond" truecount="0" falsecount="2"/>
        <line num="82" count="0" type="cond" truecount="0" falsecount="2"/>
        <line num="83" count="0" type="stmt"/>
        <line num="87" count="0" type="stmt"/>
        <line num="93" count="0" type="stmt"/>
        <line num="94" count="0" type="stmt"/>
        <line num="96" count="0" type="stmt"/>
        <line num="97" count="0" type="stmt"/>
        <line num="98" count="0" type="stmt"/>
        <line num="100" count="0" type="cond" truecount="0" falsecount="2"/>
        <line num="104" count="0" type="cond" truecount="0" falsecount="2"/>
        <line num="106" count="0" type="stmt"/>
        <line num="110" count="0" type="cond" truecount="0" falsecount="2"/>
        <line num="112" count="0" type="stmt"/>
        <line num="114" count="0" type="stmt"/>
        <line num="126" count="0" type="stmt"/>
        <line num="130" count="0" type="stmt"/>
        <line num="131" count="0" type="cond" truecount="0" falsecount="6"/>
        <line num="133" count="0" type="stmt"/>
        <line num="134" count="0" type="cond" truecount="0" falsecount="2"/>
        <line num="135" count="0" type="stmt"/>
        <line num="136" count="0" type="stmt"/>
        <line num="137" count="0" type="stmt"/>
        <line num="138" count="0" type="stmt"/>
        <line num="140" count="0" type="stmt"/>
        <line num="141" count="0" type="stmt"/>
        <line num="142" count="0" type="stmt"/>
        <line num="143" count="0" type="stmt"/>
        <line num="145" count="0" type="stmt"/>
        <line num="149" count="0" type="stmt"/>
        <line num="150" count="0" type="cond" truecount="0" falsecount="2"/>
        <line num="152" count="0" type="stmt"/>
        <line num="164" count="0" type="stmt"/>
        <line num="168" count="0" type="stmt"/>
        <line num="169" count="0" type="cond" truecount="0" falsecount="2"/>
        <line num="170" count="0" type="stmt"/>
        <line num="171" count="0" type="stmt"/>
        <line num="173" count="0" type="stmt"/>
        <line num="182" count="0" type="cond" truecount="0" falsecount="2"/>
        <line num="183" count="0" type="cond" truecount="0" falsecount="2"/>
        <line num="184" count="0" type="cond" truecount="0" falsecount="2"/>
        <line num="185" count="0" type="cond" truecount="0" falsecount="2"/>
        <line num="186" count="0" type="stmt"/>
        <line num="190" count="0" type="cond" truecount="0" falsecount="2"/>
        <line num="191" count="0" type="cond" truecount="0" falsecount="2"/>
        <line num="192" count="0" type="stmt"/>
      </file>
      <file name="engine.ts" path="/Users/calvinchu/indie-fm/src/simulation/engine.ts">
        <metrics statements="271" coveredstatements="250" conditionals="237" coveredconditionals="203" methods="27" coveredmethods="27"/>
        <line num="13" count="8" type="stmt"/>
        <line num="25" count="13795" type="stmt"/>
        <line num="40" count="1764588" type="stmt"/>
        <line num="41" count="1764588" type="cond" truecount="2" falsecount="0"/>
        <line num="42" count="9705234" type="stmt"/>
        <line num="43" count="9705234" type="stmt"/>
        <line num="46" count="882294" type="cond" truecount="1" falsecount="1"/>
        <line num="47" count="2922613" type="stmt"/>
        <line num="56" count="882294" type="cond" truecount="1" falsecount="1"/>
        <line num="57" count="1881980" type="stmt"/>
        <line num="64" count="882294" type="stmt"/>
        <line num="66" count="9705234" type="stmt"/>
        <line num="67" count="882294" type="stmt"/>
        <line num="68" count="9705234" type="stmt"/>
        <line num="71" count="882294" type="cond" truecount="1" falsecount="1"/>
        <line num="72" count="4018347" type="stmt"/>
        <line num="81" count="882294" type="cond" truecount="1" falsecount="1"/>
        <line num="88" count="882294" type="cond" truecount="2" falsecount="0"/>
        <line num="89" count="277472" type="stmt"/>
        <line num="96" count="882294" type="stmt"/>
        <line num="101" count="11160" type="stmt"/>
        <line num="103" count="11160" type="cond" truecount="2" falsecount="0"/>
        <line num="104" count="18216" type="stmt"/>
        <line num="105" count="9504" type="cond" truecount="2" falsecount="0"/>
        <line num="106" count="46409" type="stmt"/>
        <line num="108" count="58135" type="stmt"/>
        <line num="110" count="11160" type="cond" truecount="1" falsecount="1"/>
        <line num="111" count="11160" type="stmt"/>
        <line num="115" count="96" type="stmt"/>
        <line num="116" count="96" type="stmt"/>
        <line num="118" count="96" type="stmt"/>
        <line num="120" count="96" type="stmt"/>
        <line num="121" count="1056" type="stmt"/>
        <line num="122" count="1056" type="stmt"/>
        <line num="133" count="96" type="stmt"/>
        <line num="134" count="1056" type="stmt"/>
        <line num="135" count="1056" type="stmt"/>
        <line num="146" count="96" type="stmt"/>
        <line num="173" count="441483" type="cond" truecount="2" falsecount="0"/>
        <line num="175" count="441482" type="stmt"/>
        <line num="176" count="441482" type="stmt"/>
        <line num="178" count="441482" type="cond" truecount="2" falsecount="0"/>
        <line num="179" count="87" type="stmt"/>
        <line num="180" count="87" type="stmt"/>
        <line num="181" count="87" type="stmt"/>
        <line num="185" count="441395" type="cond" truecount="5" falsecount="0"/>
        <line num="186" count="83" type="stmt"/>
        <line num="187" count="83" type="stmt"/>
        <line num="188" count="83" type="stmt"/>
        <line num="189" count="83" type="stmt"/>
        <line num="190" count="83" type="stmt"/>
        <line num="191" count="83" type="stmt"/>
        <line num="194" count="441312" type="cond" truecount="2" falsecount="0"/>
        <line num="195" count="83" type="stmt"/>
        <line num="196" count="83" type="stmt"/>
        <line num="197" count="83" type="stmt"/>
        <line num="201" count="441229" type="cond" truecount="4" falsecount="0"/>
        <line num="202" count="82" type="stmt"/>
        <line num="203" count="82" type="stmt"/>
        <line num="205" count="82" type="cond" truecount="2" falsecount="2"/>
        <line num="207" count="0" type="stmt"/>
        <line num="208" count="0" type="stmt"/>
        <line num="209" count="0" type="stmt"/>
        <line num="212" count="82" type="stmt"/>
        <line num="213" count="82" type="stmt"/>
        <line num="214" count="82" type="stmt"/>
        <line num="218" count="441147" type="cond" truecount="2" falsecount="2"/>
        <line num="219" count="0" type="cond" truecount="0" falsecount="2"/>
        <line num="220" count="0" type="stmt"/>
        <line num="221" count="0" type="stmt"/>
        <line num="222" count="0" type="stmt"/>
        <line num="223" count="0" type="stmt"/>
        <line num="224" count="0" type="cond" truecount="0" falsecount="4"/>
        <line num="225" count="0" type="stmt"/>
        <line num="227" count="0" type="stmt"/>
        <line num="228" count="0" type="cond" truecount="0" falsecount="2"/>
        <line num="230" count="0" type="stmt"/>
        <line num="234" count="441147" type="cond" truecount="2" falsecount="0"/>
        <line num="235" count="441483" type="cond" truecount="2" falsecount="0"/>
        <line num="237" count="441483" type="stmt"/>
        <line num="238" count="441483" type="stmt"/>
        <line num="239" count="441483" type="stmt"/>
        <line num="240" count="441483" type="stmt"/>
        <line num="242" count="441483" type="stmt"/>
        <line num="243" count="441483" type="stmt"/>
        <line num="244" count="441483" type="stmt"/>
        <line num="246" count="441483" type="cond" truecount="2" falsecount="0"/>
        <line num="247" count="441483" type="cond" truecount="2" falsecount="0"/>
        <line num="248" count="441483" type="cond" truecount="2" falsecount="0"/>
        <line num="249" count="441483" type="cond" truecount="2" falsecount="0"/>
        <line num="251" count="441483" type="stmt"/>
        <line num="255" count="441483" type="stmt"/>
        <line num="257" count="441483" type="stmt"/>
        <line num="258" count="441483" type="stmt"/>
        <line num="261" count="441483" type="cond" truecount="2" falsecount="0"/>
        <line num="264" count="441483" type="stmt"/>
        <line num="265" count="441483" type="stmt"/>
        <line num="266" count="441483" type="stmt"/>
        <line num="271" count="441483" type="cond" truecount="2" falsecount="0"/>
        <line num="272" count="427109" type="stmt"/>
        <line num="273" count="427109" type="stmt"/>
        <line num="276" count="14038" type="stmt"/>
        <line num="277" count="14038" type="stmt"/>
        <line num="279" count="14038" type="cond" truecount="2" falsecount="0"/>
        <line num="281" count="4219" type="stmt"/>
        <line num="282" count="4219" type="stmt"/>
        <line num="283" count="4219" type="stmt"/>
        <line num="284" count="4219" type="stmt"/>
        <line num="285" count="4219" type="stmt"/>
        <line num="286" count="4219" type="cond" truecount="2" falsecount="0"/>
        <line num="287" count="4219" type="stmt"/>
        <line num="288" count="4219" type="stmt"/>
        <line num="289" count="4219" type="cond" truecount="4" falsecount="0"/>
        <line num="290" count="4219" type="cond" truecount="5" falsecount="0"/>
        <line num="291" count="4219" type="stmt"/>
        <line num="298" count="4219" type="cond" truecount="2" falsecount="0"/>
        <line num="299" count="9819" type="cond" truecount="2" falsecount="0"/>
        <line num="301" count="1708" type="stmt"/>
        <line num="302" count="1708" type="stmt"/>
        <line num="303" count="1708" type="stmt"/>
        <line num="304" count="1708" type="stmt"/>
        <line num="305" count="1708" type="stmt"/>
        <line num="306" count="1708" type="cond" truecount="2" falsecount="0"/>
        <line num="307" count="1708" type="stmt"/>
        <line num="308" count="1708" type="stmt"/>
        <line num="309" count="1708" type="cond" truecount="2" falsecount="0"/>
        <line num="310" count="1708" type="stmt"/>
        <line num="317" count="1708" type="cond" truecount="2" falsecount="0"/>
        <line num="318" count="688" type="cond" truecount="2" falsecount="0"/>
        <line num="320" count="8111" type="cond" truecount="2" falsecount="0"/>
        <line num="321" count="2321" type="stmt"/>
        <line num="322" count="2321" type="cond" truecount="2" falsecount="0"/>
        <line num="323" count="2321" type="stmt"/>
        <line num="324" count="2321" type="stmt"/>
        <line num="326" count="2321" type="cond" truecount="1" falsecount="1"/>
        <line num="327" count="2321" type="stmt"/>
        <line num="328" count="2321" type="stmt"/>
        <line num="330" count="2321" type="stmt"/>
        <line num="331" count="2321" type="stmt"/>
        <line num="332" count="2321" type="cond" truecount="2" falsecount="0"/>
        <line num="334" count="2321" type="stmt"/>
        <line num="335" count="2321" type="cond" truecount="2" falsecount="0"/>
        <line num="336" count="1129" type="stmt"/>
        <line num="338" count="2321" type="cond" truecount="2" falsecount="0"/>
        <line num="339" count="1042" type="stmt"/>
        <line num="340" count="1042" type="cond" truecount="2" falsecount="0"/>
        <line num="341" count="490" type="stmt"/>
        <line num="344" count="2321" type="cond" truecount="2" falsecount="0"/>
        <line num="346" count="140" type="stmt"/>
        <line num="347" count="140" type="cond" truecount="4" falsecount="0"/>
        <line num="348" count="4" type="stmt"/>
        <line num="354" count="136" type="cond" truecount="2" falsecount="0"/>
        <line num="355" count="57" type="stmt"/>
        <line num="356" count="136" type="stmt"/>
        <line num="361" count="136" type="cond" truecount="2" falsecount="0"/>
        <line num="362" count="12" type="stmt"/>
        <line num="369" count="2181" type="cond" truecount="2" falsecount="0"/>
        <line num="371" count="902" type="stmt"/>
        <line num="372" count="902" type="cond" truecount="1" falsecount="1"/>
        <line num="375" count="902" type="stmt"/>
        <line num="376" count="902" type="cond" truecount="2" falsecount="0"/>
        <line num="377" count="620" type="stmt"/>
        <line num="384" count="282" type="cond" truecount="2" falsecount="0"/>
        <line num="385" count="145" type="stmt"/>
        <line num="386" count="282" type="stmt"/>
        <line num="393" count="1279" type="stmt"/>
        <line num="399" count="2321" type="stmt"/>
        <line num="400" count="5790" type="cond" truecount="2" falsecount="0"/>
        <line num="401" count="1656" type="stmt"/>
        <line num="402" count="1656" type="stmt"/>
        <line num="403" count="1656" type="stmt"/>
        <line num="404" count="1656" type="stmt"/>
        <line num="405" count="1656" type="cond" truecount="2" falsecount="0"/>
        <line num="406" count="1656" type="stmt"/>
        <line num="408" count="1656" type="cond" truecount="4" falsecount="0"/>
        <line num="409" count="120" type="stmt"/>
        <line num="410" count="120" type="cond" truecount="2" falsecount="0"/>
        <line num="411" count="59" type="stmt"/>
        <line num="412" count="120" type="stmt"/>
        <line num="417" count="120" type="cond" truecount="2" falsecount="0"/>
        <line num="418" count="10" type="stmt"/>
        <line num="423" count="10" type="stmt"/>
        <line num="426" count="120" type="cond" truecount="2" falsecount="0"/>
        <line num="427" count="5" type="stmt"/>
        <line num="428" count="5" type="cond" truecount="2" falsecount="0"/>
        <line num="429" count="4" type="stmt"/>
        <line num="430" count="5" type="stmt"/>
        <line num="431" count="5" type="stmt"/>
        <line num="436" count="5" type="stmt"/>
        <line num="439" count="120" type="stmt"/>
        <line num="445" count="1536" type="stmt"/>
        <line num="451" count="4134" type="cond" truecount="2" falsecount="0"/>
        <line num="452" count="1409" type="cond" truecount="2" falsecount="0"/>
        <line num="453" count="1409" type="stmt"/>
        <line num="454" count="1409" type="stmt"/>
        <line num="455" count="1409" type="cond" truecount="2" falsecount="0"/>
        <line num="456" count="686" type="stmt"/>
        <line num="457" count="1409" type="stmt"/>
        <line num="463" count="1409" type="cond" truecount="2" falsecount="0"/>
        <line num="464" count="347" type="stmt"/>
        <line num="465" count="347" type="stmt"/>
        <line num="466" count="347" type="cond" truecount="2" falsecount="0"/>
        <line num="467" count="67" type="cond" truecount="2" falsecount="0"/>
        <line num="468" count="37" type="stmt"/>
        <line num="469" count="67" type="stmt"/>
        <line num="476" count="2725" type="cond" truecount="2" falsecount="0"/>
        <line num="478" count="909" type="stmt"/>
        <line num="479" count="909" type="cond" truecount="2" falsecount="0"/>
        <line num="480" count="909" type="stmt"/>
        <line num="481" count="909" type="stmt"/>
        <line num="486" count="1816" type="cond" truecount="2" falsecount="0"/>
        <line num="488" count="845" type="cond" truecount="2" falsecount="0"/>
        <line num="489" count="845" type="cond" truecount="2" falsecount="0"/>
        <line num="490" count="845" type="stmt"/>
        <line num="496" count="971" type="stmt"/>
        <line num="499" count="14038" type="stmt"/>
        <line num="503" count="14038" type="cond" truecount="2" falsecount="0"/>
        <line num="504" count="464" type="stmt"/>
        <line num="505" count="464" type="stmt"/>
        <line num="506" count="10208" type="cond" truecount="2" falsecount="0"/>
        <line num="507" count="61248" type="stmt"/>
        <line num="508" count="10208" type="cond" truecount="1" falsecount="1"/>
        <line num="509" count="10208" type="stmt"/>
        <line num="510" count="10208" type="stmt"/>
        <line num="512" count="10208" type="stmt"/>
        <line num="517" count="14038" type="stmt"/>
        <line num="518" count="14038" type="cond" truecount="2" falsecount="3"/>
        <line num="519" count="0" type="cond" truecount="0" falsecount="2"/>
        <line num="520" count="0" type="stmt"/>
        <line num="521" count="0" type="stmt"/>
        <line num="522" count="0" type="cond" truecount="0" falsecount="2"/>
        <line num="523" count="0" type="stmt"/>
        <line num="524" count="0" type="stmt"/>
        <line num="530" count="0" type="cond" truecount="0" falsecount="2"/>
        <line num="531" count="0" type="stmt"/>
        <line num="540" count="14038" type="stmt"/>
        <line num="541" count="14038" type="cond" truecount="2" falsecount="0"/>
        <line num="542" count="82" type="stmt"/>
        <line num="548" count="14038" type="stmt"/>
        <line num="549" count="14038" type="cond" truecount="2" falsecount="0"/>
        <line num="550" count="97" type="stmt"/>
        <line num="556" count="97" type="cond" truecount="2" falsecount="0"/>
        <line num="557" count="73" type="cond" truecount="2" falsecount="0"/>
        <line num="558" count="35" type="stmt"/>
        <line num="562" count="14038" type="stmt"/>
        <line num="566" count="38906384" type="stmt"/>
        <line num="570" count="442118" type="stmt"/>
        <line num="571" count="442118" type="stmt"/>
        <line num="574" count="442118" type="cond" truecount="2" falsecount="0"/>
        <line num="575" count="442118" type="cond" truecount="2" falsecount="0"/>
        <line num="577" count="442118" type="stmt"/>
        <line num="578" count="9726596" type="stmt"/>
        <line num="579" count="9726596" type="cond" truecount="2" falsecount="0"/>
        <line num="580" count="58359576" type="cond" truecount="2" falsecount="0"/>
        <line num="581" count="9726596" type="cond" truecount="3" falsecount="1"/>
        <line num="583" count="9726596" type="stmt"/>
        <line num="584" count="9726596" type="cond" truecount="2" falsecount="0"/>
        <line num="585" count="9726596" type="cond" truecount="2" falsecount="0"/>
        <line num="586" count="9726596" type="cond" truecount="2" falsecount="0"/>
        <line num="588" count="9726596" type="stmt"/>
        <line num="589" count="9726596" type="stmt"/>
        <line num="590" count="9726596" type="stmt"/>
        <line num="592" count="9726596" type="stmt"/>
        <line num="593" count="9726596" type="stmt"/>
        <line num="604" count="85" type="stmt"/>
        <line num="605" count="85" type="stmt"/>
        <line num="606" count="85" type="cond" truecount="2" falsecount="0"/>
        <line num="607" count="441480" type="stmt"/>
        <line num="609" count="441480" type="cond" truecount="2" falsecount="0"/>
        <line num="610" count="7" type="stmt"/>
        <line num="613" count="85" type="stmt"/>
      </file>
      <file name="fastmatch.ts" path="/Users/calvinchu/indie-fm/src/simulation/fastmatch.ts">
        <metrics statements="51" coveredstatements="51" conditionals="22" coveredconditionals="17" methods="18" coveredmethods="18"/>
        <line num="13" count="8638" type="stmt"/>
        <line num="14" count="95018" type="stmt"/>
        <line num="15" count="95018" type="stmt"/>
        <line num="17" count="8638" type="cond" truecount="1" falsecount="1"/>
        <line num="18" count="29763" type="stmt"/>
        <line num="26" count="8638" type="cond" truecount="1" falsecount="1"/>
        <line num="27" count="19160" type="stmt"/>
        <line num="34" count="8638" type="stmt"/>
        <line num="38" count="8638" type="stmt"/>
        <line num="39" count="95018" type="stmt"/>
        <line num="40" count="8658" type="stmt"/>
        <line num="41" count="95018" type="stmt"/>
[...]
        <line num="35" count="0" type="stmt"/>
        <line num="42" count="1" type="cond" truecount="0" falsecount="1"/>
        <line num="43" count="0" type="stmt"/>
        <line num="49" count="1" type="cond" truecount="0" falsecount="1"/>
        <line num="50" count="0" type="stmt"/>
        <line num="56" count="1" type="cond" truecount="0" falsecount="1"/>
        <line num="57" count="0" type="stmt"/>
        <line num="63" count="1" type="cond" truecount="0" falsecount="1"/>
        <line num="64" count="0" type="stmt"/>
        <line num="70" count="1" type="cond" truecount="0" falsecount="1"/>
        <line num="71" count="0" type="stmt"/>
        <line num="80" count="1" type="cond" truecount="0" falsecount="2"/>
        <line num="81" count="0" type="stmt"/>
        <line num="87" count="1" type="cond" truecount="0" falsecount="2"/>
        <line num="88" count="0" type="stmt"/>
        <line num="95" count="1" type="cond" truecount="0" falsecount="2"/>
        <line num="96" count="0" type="stmt"/>
        <line num="103" count="1" type="cond" truecount="0" falsecount="2"/>
        <line num="104" count="0" type="stmt"/>
        <line num="111" count="1" type="cond" truecount="0" falsecount="1"/>
        <line num="112" count="0" type="cond" truecount="0" falsecount="4"/>
        <line num="113" count="0" type="cond" truecount="0" falsecount="4"/>
        <line num="114" count="0" type="stmt"/>
        <line num="124" count="1" type="cond" truecount="0" falsecount="1"/>
        <line num="125" count="0" type="cond" truecount="0" falsecount="4"/>
        <line num="126" count="0" type="stmt"/>
        <line num="133" count="1" type="cond" truecount="0" falsecount="1"/>
        <line num="134" count="0" type="cond" truecount="0" falsecount="4"/>
        <line num="135" count="0" type="stmt"/>
        <line num="136" count="0" type="stmt"/>
        <line num="139" count="0" type="stmt"/>
        <line num="146" count="1" type="cond" truecount="0" falsecount="1"/>
        <line num="147" count="0" type="cond" truecount="0" falsecount="7"/>
        <line num="149" count="0" type="stmt"/>
        <line num="151" count="0" type="stmt"/>
        <line num="153" count="0" type="stmt"/>
        <line num="155" count="0" type="stmt"/>
        <line num="157" count="0" type="stmt"/>
        <line num="159" count="0" type="stmt"/>
        <line num="161" count="0" type="stmt"/>
        <line num="166" count="1" type="cond" truecount="2" falsecount="0"/>
        <line num="167" count="4" type="stmt"/>
        <line num="174" count="1" type="cond" truecount="2" falsecount="0"/>
        <line num="175" count="4" type="stmt"/>
        <line num="184" count="1" type="cond" truecount="2" falsecount="0"/>
        <line num="185" count="4" type="stmt"/>
        <line num="191" count="1" type="cond" truecount="2" falsecount="0"/>
        <line num="192" count="4" type="stmt"/>
        <line num="198" count="1" type="cond" truecount="2" falsecount="0"/>
        <line num="199" count="4" type="stmt"/>
        <line num="207" count="1" type="cond" truecount="2" falsecount="0"/>
        <line num="208" count="4" type="stmt"/>
        <line num="216" count="1" type="cond" truecount="2" falsecount="0"/>
        <line num="217" count="4" type="stmt"/>
        <line num="223" count="1" type="cond" truecount="2" falsecount="0"/>
        <line num="224" count="4" type="stmt"/>
        <line num="230" count="1" type="cond" truecount="2" falsecount="0"/>
        <line num="231" count="4" type="stmt"/>
        <line num="238" count="1" type="cond" truecount="2" falsecount="0"/>
        <line num="239" count="4" type="stmt"/>
        <line num="245" count="1" type="stmt"/>
      </file>
      <file name="InMatchPanel.tsx" path="/Users/calvinchu/indie-fm/src/ui/InMatchPanel.tsx">
        <metrics statements="29" coveredstatements="0" conditionals="22" coveredconditionals="0" methods="13" coveredmethods="0"/>
        <line num="6" count="0" type="stmt"/>
        <line num="7" count="0" type="stmt"/>
        <line num="8" count="0" type="stmt"/>
        <line num="10" count="0" type="cond" truecount="0" falsecount="5"/>
        <line num="12" count="0" type="stmt"/>
        <line num="13" count="0" type="cond" truecount="0" falsecount="2"/>
        <line num="14" count="0" type="cond" truecount="0" falsecount="2"/>
        <line num="18" count="0" type="stmt"/>
        <line num="19" count="0" type="stmt"/>
        <line num="20" count="0" type="stmt"/>
        <line num="22" count="0" type="stmt"/>
        <line num="24" count="0" type="stmt"/>
        <line num="25" count="0" type="cond" truecount="0" falsecount="2"/>
        <line num="26" count="0" type="stmt"/>
        <line num="27" count="0" type="stmt"/>
        <line num="28" count="0" type="stmt"/>
        <line num="31" count="0" type="stmt"/>
        <line num="32" count="0" type="cond" truecount="0" falsecount="2"/>
        <line num="33" count="0" type="stmt"/>
        <line num="34" count="0" type="stmt"/>
        <line num="37" count="0" type="stmt"/>
        <line num="38" count="0" type="stmt"/>
        <line num="39" count="0" type="cond" truecount="0" falsecount="2"/>
        <line num="40" count="0" type="stmt"/>
        <line num="44" count="0" type="stmt"/>
        <line num="54" count="0" type="stmt"/>
        <line num="72" count="0" type="cond" truecount="0" falsecount="2"/>
        <line num="87" count="0" type="stmt"/>
        <line num="101" count="0" type="stmt"/>
      </file>
      <file name="KeyboardNav.tsx" path="/Users/calvinchu/indie-fm/src/ui/KeyboardNav.tsx">
        <metrics statements="15" coveredstatements="4" conditionals="12" coveredconditionals="0" methods="7" coveredmethods="3"/>
        <line num="11" count="4" type="stmt"/>
        <line num="12" count="4" type="stmt"/>
        <line num="13" count="0" type="cond" truecount="0" falsecount="5"/>
        <line num="14" count="0" type="stmt"/>
        <line num="15" count="0" type="cond" truecount="0" falsecount="2"/>
        <line num="16" count="0" type="cond" truecount="0" falsecount="3"/>
        <line num="17" count="0" type="stmt"/>
        <line num="18" count="0" type="stmt"/>
        <line num="19" count="0" type="stmt"/>
        <line num="22" count="4" type="stmt"/>
        <line num="23" count="4" type="stmt"/>
        <line num="28" count="0" type="stmt"/>
        <line num="29" count="0" type="stmt"/>
        <line num="39" count="0" type="stmt"/>
        <line num="45" count="0" type="stmt"/>
      </file>
      <file name="MatchControls.tsx" path="/Users/calvinchu/indie-fm/src/ui/MatchControls.tsx">
        <metrics statements="47" coveredstatements="24" conditionals="37" coveredconditionals="8" methods="23" coveredmethods="13"/>
        <line num="5" count="12" type="stmt"/>
        <line num="6" count="12" type="stmt"/>
        <line num="7" count="12" type="stmt"/>
        <line num="8" count="12" type="stmt"/>
        <line num="9" count="12" type="stmt"/>
        <line num="10" count="12" type="stmt"/>
        <line num="11" count="12" type="stmt"/>
        <line num="12" count="12" type="stmt"/>
        <line num="13" count="12" type="stmt"/>
        <line num="14" count="12" type="stmt"/>
        <line num="16" count="4" type="stmt"/>
        <line num="17" count="4" type="stmt"/>
        <line num="18" count="4" type="stmt"/>
        <line num="20" count="4" type="stmt"/>
        <line num="21" count="8" type="cond" truecount="1" falsecount="1"/>
        <line num="22" count="0" type="stmt"/>
        <line num="23" count="0" type="stmt"/>
        <line num="27" count="4" type="stmt"/>
        <line num="28" count="4" type="stmt"/>
        <line num="29" count="4" type="cond" truecount="2" falsecount="3"/>
        <line num="30" count="0" type="stmt"/>
        <line num="31" count="0" type="stmt"/>
        <line num="32" count="0" type="stmt"/>
        <line num="35" count="4" type="stmt"/>
        <line num="38" count="4" type="stmt"/>
        <line num="39" count="0" type="cond" truecount="0" falsecount="2"/>
        <line num="40" count="0" type="stmt"/>
        <line num="41" count="0" type="stmt"/>
        <line num="42" count="0" type="stmt"/>
        <line num="43" count="0" type="cond" truecount="0" falsecount="4"/>
        <line num="44" count="0" type="stmt"/>
        <line num="48" count="4" type="stmt"/>
        <line num="49" count="0" type="cond" truecount="0" falsecount="2"/>
        <line num="50" count="0" type="stmt"/>
        <line num="52" count="0" type="cond" truecount="0" falsecount="2"/>
        <line num="53" count="0" type="stmt"/>
        <line num="55" count="0" type="stmt"/>
        <line num="57" count="0" type="cond" truecount="0" falsecount="2"/>
        <line num="58" count="0" type="stmt"/>
        <line num="62" count="4" type="stmt"/>
        <line num="73" count="4" type="stmt"/>
        <line num="75" count="4" type="stmt"/>
        <line num="87" count="0" type="stmt"/>
        <line num="91" count="0" type="stmt"/>
        <line num="92" count="0" type="stmt"/>
        <line num="99" count="0" type="stmt"/>
        <line num="102" count="0" type="stmt"/>
      </file>
      <file name="MatchHighlights.tsx" path="/Users/calvinchu/indie-fm/src/ui/MatchHighlights.tsx">
        <metrics statements="25" coveredstatements="0" conditionals="32" coveredconditionals="0" methods="14" coveredmethods="0"/>
        <line num="6" count="0" type="stmt"/>
        <line num="7" count="0" type="stmt"/>
        <line num="8" count="0" type="stmt"/>
        <line num="9" count="0" type="stmt"/>
        <line num="11" count="0" type="cond" truecount="0" falsecount="5"/>
        <line num="13" count="0" type="stmt"/>
        <line num="14" count="0" type="stmt"/>
        <line num="17" count="0" type="stmt"/>
        <line num="18" count="0" type="cond" truecount="0" falsecount="2"/>
        <line num="19" count="0" type="stmt"/>
        <line num="21" count="0" type="cond" truecount="0" falsecount="2"/>
        <line num="22" count="0" type="cond" truecount="0" falsecount="2"/>
        <line num="24" count="0" type="stmt"/>
        <line num="25" count="0" type="cond" truecount="0" falsecount="7"/>
        <line num="26" count="0" type="stmt"/>
        <line num="27" count="0" type="stmt"/>
        <line num="28" count="0" type="stmt"/>
        <line num="29" count="0" type="stmt"/>
        <line num="30" count="0" type="stmt"/>
        <line num="31" count="0" type="stmt"/>
        <line num="32" count="0" type="stmt"/>
        <line num="36" count="0" type="stmt"/>
        <line num="62" count="0" type="stmt"/>
        <line num="64" count="0" type="stmt"/>
        <line num="108" count="0" type="stmt"/>
      </file>
      <file name="MatchPreviewPanel.tsx" path="/Users/calvinchu/indie-fm/src/ui/MatchPreviewPanel.tsx">
        <metrics statements="8" coveredstatements="0" conditionals="20" coveredconditionals="0" methods="5" coveredmethods="0"/>
        <line num="6" count="0" type="stmt"/>
        <line num="7" count="0" type="stmt"/>
        <line num="9" count="0" type="stmt"/>
        <line num="10" count="0" type="cond" truecount="0" falsecount="4"/>
        <line num="11" count="0" type="stmt"/>
        <line num="14" count="0" type="cond" truecount="0" falsecount="5"/>
        <line num="16" count="0" type="stmt"/>
        <line num="58" count="0" type="stmt"/>
      </file>
      <file name="MomentumBar.tsx" path="/Users/calvinchu/indie-fm/src/ui/MomentumBar.tsx">
        <metrics statements="8" coveredstatements="0" conditionals="17" coveredconditionals="0" methods="5" coveredmethods="0"/>
        <line num="6" count="0" type="stmt"/>
        <line num="7" count="0" type="stmt"/>
        <line num="8" count="0" type="stmt"/>
        <line num="10" count="0" type="stmt"/>
        <line num="11" count="0" type="cond" truecount="0" falsecount="4"/>
        <line num="12" count="0" type="stmt"/>
        <line num="15" count="0" type="cond" truecount="0" falsecount="5"/>
        <line num="17" count="0" type="stmt"/>
      </file>
      <file name="OppositionReport.tsx" path="/Users/calvinchu/indie-fm/src/ui/OppositionReport.tsx">
        <metrics statements="18" coveredstatements="0" conditionals="44" coveredconditionals="0" methods="8" coveredmethods="0"/>
        <line num="5" count="0" type="stmt"/>
        <line num="7" count="0" type="cond" truecount="0" falsecount="6"/>
        <line num="9" count="0" type="cond" truecount="0" falsecount="2"/>
        <line num="10" count="0" type="stmt"/>
        <line num="12" count="0" type="stmt"/>
        <line num="13" count="0" type="stmt"/>
        <line num="16" count="0" type="stmt"/>
        <line num="17" count="0" type="stmt"/>
        <line num="18" count="0" type="stmt"/>
        <line num="20" count="0" type="stmt"/>
        <line num="21" count="0" type="cond" truecount="0" falsecount="2"/>
        <line num="22" count="0" type="cond" truecount="0" falsecount="2"/>
        <line num="23" count="0" type="cond" truecount="0" falsecount="2"/>
        <line num="24" count="0" type="stmt"/>
        <line num="27" count="0" type="stmt"/>
        <line num="46" count="0" type="stmt"/>
        <line num="61" count="0" type="stmt"/>
        <line num="88" count="0" type="stmt"/>
      </file>
      <file name="PostMatchSummary.tsx" path="/Users/calvinchu/indie-fm/src/ui/PostMatchSummary.tsx">
        <metrics statements="45" coveredstatements="0" conditionals="46" coveredconditionals="0" methods="15" coveredmethods="0"/>
        <line num="16" count="0" type="stmt"/>
        <line num="26" count="0" type="stmt"/>
        <line num="27" count="0" type="cond" truecount="0" falsecount="4"/>
        <line num="28" count="0" type="stmt"/>
        <line num="29" count="0" type="cond" truecount="0" falsecount="2"/>
        <line num="31" count="0" type="cond" truecount="0" falsecount="8"/>
        <line num="33" count="0" type="stmt"/>
        <line num="34" count="0" type="stmt"/>
        <line num="35" count="0" type="stmt"/>
        <line num="36" count="0" type="stmt"/>
        <line num="38" count="0" type="stmt"/>
        <line num="39" count="0" type="stmt"/>
        <line num="40" count="0" type="stmt"/>
        <line num="42" count="0" type="cond" truecount="0" falsecount="2"/>
        <line num="43" count="0" type="stmt"/>
        <line num="44" count="0" type="stmt"/>
        <line num="46" count="0" type="cond" truecount="0" falsecount="2"/>
        <line num="47" count="0" type="stmt"/>
        <line num="48" count="0" type="stmt"/>
        <line num="50" count="0" type="cond" truecount="0" falsecount="2"/>
        <line num="51" count="0" type="stmt"/>
        <line num="52" count="0" type="stmt"/>
        <line num="54" count="0" type="stmt"/>
        <line num="55" count="0" type="stmt"/>
        <line num="57" count="0" type="stmt"/>
        <line num="58" count="0" type="stmt"/>
        <line num="60" count="0" type="stmt"/>
        <line num="61" count="0" type="stmt"/>
        <line num="65" count="0" type="stmt"/>
        <line num="69" count="0" type="stmt"/>
        <line num="70" count="0" type="stmt"/>
        <line num="71" count="0" type="stmt"/>
        <line num="73" count="0" type="stmt"/>
        <line num="74" count="0" type="cond" truecount="0" falsecount="4"/>
        <line num="75" count="0" type="stmt"/>
        <line num="78" count="0" type="stmt"/>
        <line num="79" count="0" type="cond" truecount="0" falsecount="4"/>
        <line num="80" count="0" type="stmt"/>
        <line num="83" count="0" type="cond" truecount="0" falsecount="6"/>
        <line num="85" count="0" type="cond" truecount="0" falsecount="6"/>
        <line num="87" count="0" type="stmt"/>
        <line num="89" count="0" type="stmt"/>
        <line num="117" count="0" type="stmt"/>
        <line num="122" count="0" type="stmt"/>
        <line num="123" count="0" type="stmt"/>
      </file>
      <file name="PreMatchTalk.tsx" path="/Users/calvinchu/indie-fm/src/ui/PreMatchTalk.tsx">
        <metrics statements="21" coveredstatements="1" conditionals="26" coveredconditionals="0" methods="6" coveredmethods="0"/>
        <line num="14" count="1" type="stmt"/>
        <line num="24" count="0" type="stmt"/>
        <line num="25" count="0" type="stmt"/>
        <line num="26" count="0" type="stmt"/>
        <line num="28" count="0" type="cond" truecount="0" falsecount="6"/>
        <line num="30" count="0" type="cond" truecount="0" falsecount="2"/>
        <line num="31" count="0" type="cond" truecount="0" falsecount="2"/>
        <line num="33" count="0" type="stmt"/>
        <line num="34" count="0" type="stmt"/>
        <line num="35" count="0" type="stmt"/>
        <line num="36" count="0" type="stmt"/>
        <line num="39" count="0" type="stmt"/>
        <line num="40" count="0" type="cond" truecount="0" falsecount="4"/>
        <line num="41" count="0" type="stmt"/>
        <line num="42" count="0" type="stmt"/>
        <line num="43" count="0" type="stmt"/>
        <line num="44" count="0" type="stmt"/>
        <line num="48" count="0" type="stmt"/>
        <line num="62" count="0" type="stmt"/>
        <line num="71" count="0" type="stmt"/>
        <line num="73" count="0" type="stmt"/>
      </file>
      <file name="SquadSelection.tsx" path="/Users/calvinchu/indie-fm/src/ui/SquadSelection.tsx">
        <metrics statements="31" coveredstatements="0" conditionals="53" coveredconditionals="0" methods="14" coveredmethods="0"/>
        <line num="6" count="0" type="stmt"/>
        <line num="7" count="0" type="stmt"/>
        <line num="8" count="0" type="stmt"/>
        <line num="10" count="0" type="cond" truecount="0" falsecount="5"/>
        <line num="12" count="0" type="cond" truecount="0" falsecount="2"/>
        <line num="13" count="0" type="cond" truecount="0" falsecount="2"/>
        <line num="14" count="0" type="stmt"/>
        <line num="16" count="0" type="stmt"/>
        <line num="17" count="0" type="cond" truecount="0" falsecount="2"/>
        <line num="18" count="0" type="stmt"/>
        <line num="21" count="0" type="stmt"/>
        <line num="23" count="0" type="stmt"/>
        <line num="24" count="0" type="cond" truecount="0" falsecount="2"/>
        <line num="25" count="0" type="stmt"/>
        <line num="26" count="0" type="cond" truecount="0" falsecount="2"/>
        <line num="27" count="0" type="cond" truecount="0" falsecount="2"/>
        <line num="28" count="0" type="stmt"/>
        <line num="32" count="0" type="stmt"/>
        <line num="33" count="0" type="stmt"/>
        <line num="34" count="0" type="stmt"/>
        <line num="37" count="0" type="stmt"/>
        <line num="38" count="0" type="cond" truecount="0" falsecount="8"/>
        <line num="39" count="0" type="stmt"/>
        <line num="40" count="0" type="stmt"/>
        <line num="41" count="0" type="stmt"/>
        <line num="42" count="0" type="stmt"/>
        <line num="46" count="0" type="stmt"/>
        <line num="83" count="0" type="stmt"/>
        <line num="104" count="0" type="stmt"/>
        <line num="125" count="0" type="cond" truecount="0" falsecount="4"/>
        <line num="126" count="0" type="stmt"/>
      </file>
      <file name="ToastContainer.tsx" path="/Users/calvinchu/indie-fm/src/ui/ToastContainer.tsx">
        <metrics statements="7" coveredstatements="6" conditionals="4" coveredconditionals="2" methods="5" coveredmethods="4"/>
        <line num="4" count="12" type="stmt"/>
        <line num="5" count="12" type="stmt"/>
        <line num="7" count="4" type="cond" truecount="1" falsecount="1"/>
        <line num="9" count="4" type="stmt"/>
        <line num="17" count="4" type="stmt"/>
        <line num="29" count="4" type="stmt"/>
        <line num="31" count="0" type="stmt"/>
      </file>
    </package>
  </project>
</coverage>
